<?xml version="1.0" encoding="UTF-8"?>
<!-- Generated by org.testng.reporters.JUnitReportReporter -->
<testsuite skipped="0" hostname="DESKTOP-J4EF022" name="BasicAnnoatations.Module1" tests="2" failures="0" timestamp="03 Mar 2019 07:12:19 GMT" time="0.012" errors="0">
  <testcase name="test1" time="0.009" classname="BasicAnnoatations.Module1"/>
  <testcase name="test2" time="0.003" classname="BasicAnnoatations.Module1"/>
</testsuite> <!-- BasicAnnoatations.Module1 -->
