<?xml version="1.0" encoding="UTF-8"?>
<!-- Generated by org.testng.reporters.JUnitReportReporter -->
<testsuite skipped="0" hostname="DESKTOP-J4EF022" name="BasicAnnoatations.Module2" tests="2" failures="0" timestamp="03 Mar 2019 07:12:19 GMT" time="0.007" errors="0">
  <testcase name="test3" time="0.003" classname="BasicAnnoatations.Module2"/>
  <testcase name="test4" time="0.004" classname="BasicAnnoatations.Module2"/>
</testsuite> <!-- BasicAnnoatations.Module2 -->
