<?xml version="1.0" encoding="UTF-8"?>
<!-- Generated by org.testng.reporters.JUnitReportReporter -->
<testsuite skipped="0" hostname="DESKTOP-J4EF022" name="BasicAnnoatations.Testing1" tests="2" failures="0" timestamp="03 Mar 2019 07:00:44 GMT" time="0.016" errors="0">
  <testcase name="test1" time="0.008" classname="BasicAnnoatations.Testing1"/>
  <testcase name="test2" time="0.008" classname="BasicAnnoatations.Testing1"/>
</testsuite> <!-- BasicAnnoatations.Testing1 -->
